# JRE version: OpenJDK Runtime Environment (8.0_202-b03) (build 1.8.0_202-release-1483-b03)
# Java VM: OpenJDK 64-Bit Server VM (25.202-b03 mixed mode windows-amd64 compressed oops)
Heap:
 PSYoungGen      total 211968K, used 43604K [0x00000000e0000000, 0x00000000eed00000, 0x0000000100000000)
  eden space 181248K, 7% used [0x00000000e0000000,0x00000000e0c98808,0x00000000eb100000)
  from space 30720K, 99% used [0x00000000eb100000,0x00000000ecefc848,0x00000000ecf00000)
  to   space 25088K, 0% used [0x00000000ecf00000,0x00000000ecf00000,0x00000000ee780000)
 ParOldGen       total 141824K, used 85827K [0x00000000a0000000, 0x00000000a8a80000, 0x00000000e0000000)
  object space 141824K, 60% used [0x00000000a0000000,0x00000000a53d0d38,0x00000000a8a80000)
 Metaspace       used 85655K, capacity 89838K, committed 89944K, reserved 1126400K
  class space    used 11457K, capacity 12311K, committed 12416K, reserved 1048576K
GC Heap History (10 events):
Event: 34.417 GC heap before
{Heap before GC invocations=16 (full 3):
 PSYoungGen      total 191488K, used 172544K [0x00000000e0000000, 0x00000000eda80000, 0x0000000100000000)
  eden space 172544K, 100% used [0x00000000e0000000,0x00000000ea880000,0x00000000ea880000)
  from space 18944K, 0% used [0x00000000ebb00000,0x00000000ebb00000,0x00000000ecd80000)
  to   space 18944K, 0% used [0x00000000ea880000,0x00000000ea880000,0x00000000ebb00000)
 ParOldGen       total 141824K, used 33997K [0x00000000a0000000, 0x00000000a8a80000, 0x00000000e0000000)
  object space 141824K, 23% used [0x00000000a0000000,0x00000000a21335a0,0x00000000a8a80000)
 Metaspace       used 64367K, capacity 66768K, committed 66904K, reserved 1107968K
  class space    used 8582K, capacity 9084K, committed 9088K, reserved 1048576K
Event: 34.435 GC heap after
Heap after GC invocations=16 (full 3):
 PSYoungGen      total 191488K, used 14168K [0x00000000e0000000, 0x00000000ee980000, 0x0000000100000000)
  eden space 172544K, 0% used [0x00000000e0000000,0x00000000e0000000,0x00000000ea880000)
  from space 18944K, 74% used [0x00000000ea880000,0x00000000eb6560b8,0x00000000ebb00000)
  to   space 19968K, 0% used [0x00000000ed600000,0x00000000ed600000,0x00000000ee980000)
 ParOldGen       total 141824K, used 34005K [0x00000000a0000000, 0x00000000a8a80000, 0x00000000e0000000)
  object space 141824K, 23% used [0x00000000a0000000,0x00000000a21355a0,0x00000000a8a80000)
 Metaspace       used 64367K, capacity 66768K, committed 66904K, reserved 1107968K
  class space    used 8582K, capacity 9084K, committed 9088K, reserved 1048576K
}
Event: 42.920 GC heap before
{Heap before GC invocations=17 (full 3):
 PSYoungGen      total 191488K, used 186636K [0x00000000e0000000, 0x00000000ee980000, 0x0000000100000000)
  eden space 172544K, 99% used [0x00000000e0000000,0x00000000ea86d0f0,0x00000000ea880000)
  from space 18944K, 74% used [0x00000000ea880000,0x00000000eb6560b8,0x00000000ebb00000)
  to   space 19968K, 0% used [0x00000000ed600000,0x00000000ed600000,0x00000000ee980000)
 ParOldGen       total 141824K, used 34381K [0x00000000a0000000, 0x00000000a8a80000, 0x00000000e0000000)
  object space 141824K, 24% used [0x00000000a0000000,0x00000000a2193538,0x00000000a8a80000)
 Metaspace       used 67794K, capacity 70592K, committed 70872K, reserved 1110016K
  class space    used 9021K, capacity 9638K, committed 9728K, reserved 1048576K
Event: 42.940 GC heap after
Heap after GC invocations=17 (full 3):
 PSYoungGen      total 212992K, used 19964K [0x00000000e0000000, 0x00000000ef180000, 0x0000000100000000)
  eden space 193024K, 0% used [0x00000000e0000000,0x00000000e0000000,0x00000000ebc80000)
  from space 19968K, 99% used [0x00000000ed600000,0x00000000ee97f160,0x00000000ee980000)
  to   space 26112K, 0% used [0x00000000ebc80000,0x00000000ebc80000,0x00000000ed600000)
 ParOldGen       total 141824K, used 43686K [0x00000000a0000000, 0x00000000a8a80000, 0x00000000e0000000)
  object space 141824K, 30% used [0x00000000a0000000,0x00000000a2aa99d0,0x00000000a8a80000)
 Metaspace       used 67794K, capacity 70592K, committed 70872K, reserved 1110016K
  class space    used 9021K, capacity 9638K, committed 9728K, reserved 1048576K
}
Event: 963.467 GC heap before
{Heap before GC invocations=18 (full 3):
 PSYoungGen      total 212992K, used 212988K [0x00000000e0000000, 0x00000000ef180000, 0x0000000100000000)
  eden space 193024K, 100% used [0x00000000e0000000,0x00000000ebc80000,0x00000000ebc80000)
  from space 19968K, 99% used [0x00000000ed600000,0x00000000ee97f160,0x00000000ee980000)
  to   space 26112K, 0% used [0x00000000ebc80000,0x00000000ebc80000,0x00000000ed600000)
 ParOldGen       total 141824K, used 43688K [0x00000000a0000000, 0x00000000a8a80000, 0x00000000e0000000)
  object space 141824K, 30% used [0x00000000a0000000,0x00000000a2aaa300,0x00000000a8a80000)
 Metaspace       used 71090K, capacity 74242K, committed 74328K, reserved 1114112K
  class space    used 9455K, capacity 10095K, committed 10112K, reserved 1048576K
Event: 963.498 GC heap after
Heap after GC invocations=18 (full 3):
 PSYoungGen      total 200192K, used 13088K [0x00000000e0000000, 0x00000000ee780000, 0x0000000100000000)
  eden space 186880K, 0% used [0x00000000e0000000,0x00000000e0000000,0x00000000eb680000)
  from space 13312K, 98% used [0x00000000ebc80000,0x00000000ec948010,0x00000000ec980000)
  to   space 25088K, 0% used [0x00000000ecf00000,0x00000000ecf00000,0x00000000ee780000)
 ParOldGen       total 141824K, used 50242K [0x00000000a0000000, 0x00000000a8a80000, 0x00000000e0000000)
  object space 141824K, 35% used [0x00000000a0000000,0x00000000a3110a50,0x00000000a8a80000)
 Metaspace       used 71090K, capacity 74242K, committed 74328K, reserved 1114112K
  class space    used 9455K, capacity 10095K, committed 10112K, reserved 1048576K
}
Event: 966.365 GC heap before
{Heap before GC invocations=19 (full 3):
 PSYoungGen      total 200192K, used 199968K [0x00000000e0000000, 0x00000000ee780000, 0x0000000100000000)
  eden space 186880K, 100% used [0x00000000e0000000,0x00000000eb680000,0x00000000eb680000)
  from space 13312K, 98% used [0x00000000ebc80000,0x00000000ec948010,0x00000000ec980000)
  to   space 25088K, 0% used [0x00000000ecf00000,0x00000000ecf00000,0x00000000ee780000)
 ParOldGen       total 141824K, used 50243K [0x00000000a0000000, 0x00000000a8a80000, 0x00000000e0000000)
  object space 141824K, 35% used [0x00000000a0000000,0x00000000a3110d10,0x00000000a8a80000)
 Metaspace       used 77918K, capacity 81218K, committed 81368K, reserved 1120256K
  class space    used 10230K, capacity 10893K, committed 11008K, reserved 1048576K
Event: 966.404 GC heap after
Heap after GC invocations=19 (full 3):
 PSYoungGen      total 206336K, used 25081K [0x00000000e0000000, 0x00000000eed00000, 0x0000000100000000)
  eden space 181248K, 0% used [0x00000000e0000000,0x00000000e0000000,0x00000000eb100000)
  from space 25088K, 99% used [0x00000000ecf00000,0x00000000ee77e740,0x00000000ee780000)
  to   space 30720K, 0% used [0x00000000eb100000,0x00000000eb100000,0x00000000ecf00000)
 ParOldGen       total 141824K, used 54983K [0x00000000a0000000, 0x00000000a8a80000, 0x00000000e0000000)
  object space 141824K, 38% used [0x00000000a0000000,0x00000000a35b1fe8,0x00000000a8a80000)
 Metaspace       used 77918K, capacity 81218K, committed 81368K, reserved 1120256K
  class space    used 10230K, capacity 10893K, committed 11008K, reserved 1048576K
}
Event: 969.281 GC heap before
{Heap before GC invocations=20 (full 3):
 PSYoungGen      total 206336K, used 206329K [0x00000000e0000000, 0x00000000eed00000, 0x0000000100000000)
  eden space 181248K, 100% used [0x00000000e0000000,0x00000000eb100000,0x00000000eb100000)
  from space 25088K, 99% used [0x00000000ecf00000,0x00000000ee77e740,0x00000000ee780000)
  to   space 30720K, 0% used [0x00000000eb100000,0x00000000eb100000,0x00000000ecf00000)
 ParOldGen       total 141824K, used 55044K [0x00000000a0000000, 0x00000000a8a80000, 0x00000000e0000000)
  object space 141824K, 38% used [0x00000000a0000000,0x00000000a35c13c8,0x00000000a8a80000)
 Metaspace       used 85582K, capacity 89768K, committed 89944K, reserved 1126400K
  class space    used 11455K, capacity 12310K, committed 12416K, reserved 1048576K
Event: 969.380 GC heap after
Heap after GC invocations=20 (full 3):
 PSYoungGen      total 211968K, used 30706K [0x00000000e0000000, 0x00000000eed00000, 0x0000000100000000)
  eden space 181248K, 0% used [0x00000000e0000000,0x00000000e0000000,0x00000000eb100000)
  from space 30720K, 99% used [0x00000000eb100000,0x00000000ecefc848,0x00000000ecf00000)
  to   space 25088K, 0% used [0x00000000ecf00000,0x00000000ecf00000,0x00000000ee780000)
 ParOldGen       total 141824K, used 85827K [0x00000000a0000000, 0x00000000a8a80000, 0x00000000e0000000)
  object space 141824K, 60% used [0x00000000a0000000,0x00000000a53d0d38,0x00000000a8a80000)
 Metaspace       used 85582K, capacity 89768K, committed 89944K, reserved 1126400K
  class space    used 11455K, capacity 12310K, committed 12416K, reserved 1048576K
}

