# JRE version: OpenJDK Runtime Environment (8.0_202-b03) (build 1.8.0_202-release-1483-b03)
# Java VM: OpenJDK 64-Bit Server VM (25.202-b03 mixed mode windows-amd64 compressed oops)
Heap:
 PSYoungGen      total 160256K, used 133581K [0x00000000e0000000, 0x00000000ec800000, 0x0000000100000000)
  eden space 141824K, 94% used [0x00000000e0000000,0x00000000e8273798,0x00000000e8a80000)
  from space 18432K, 0% used [0x00000000eb600000,0x00000000eb600000,0x00000000ec800000)
  to   space 13824K, 0% used [0x00000000e8a80000,0x00000000e8a80000,0x00000000e9800000)
 ParOldGen       total 93184K, used 33790K [0x00000000a0000000, 0x00000000a5b00000, 0x00000000e0000000)
  object space 93184K, 36% used [0x00000000a0000000,0x00000000a20ff940,0x00000000a5b00000)
 Metaspace       used 60726K, capacity 62860K, committed 63128K, reserved 1103872K
  class space    used 8308K, capacity 8784K, committed 8872K, reserved 1048576K
GC Heap History (10 events):
Event: 5.563 GC heap before
{Heap before GC invocations=11 (full 2):
 PSYoungGen      total 118272K, used 10446K [0x00000000e0000000, 0x00000000ea580000, 0x0000000100000000)
  eden space 107008K, 0% used [0x00000000e0000000,0x00000000e0000000,0x00000000e6880000)
  from space 11264K, 92% used [0x00000000e6880000,0x00000000e72b3a00,0x00000000e7380000)
  to   space 11776K, 0% used [0x00000000e9a00000,0x00000000e9a00000,0x00000000ea580000)
 ParOldGen       total 58880K, used 8330K [0x00000000a0000000, 0x00000000a3980000, 0x00000000e0000000)
  object space 58880K, 14% used [0x00000000a0000000,0x00000000a0822b38,0x00000000a3980000)
 Metaspace       used 34722K, capacity 35416K, committed 35496K, reserved 1079296K
  class space    used 4792K, capacity 5005K, committed 5032K, reserved 1048576K
Event: 5.632 GC heap after
Heap after GC invocations=11 (full 2):
 PSYoungGen      total 118272K, used 0K [0x00000000e0000000, 0x00000000ea580000, 0x0000000100000000)
  eden space 107008K, 0% used [0x00000000e0000000,0x00000000e0000000,0x00000000e6880000)
  from space 11264K, 0% used [0x00000000e6880000,0x00000000e6880000,0x00000000e7380000)
  to   space 11776K, 0% used [0x00000000e9a00000,0x00000000e9a00000,0x00000000ea580000)
 ParOldGen       total 93184K, used 17303K [0x00000000a0000000, 0x00000000a5b00000, 0x00000000e0000000)
  object space 93184K, 18% used [0x00000000a0000000,0x00000000a10e5dd8,0x00000000a5b00000)
 Metaspace       used 34695K, capacity 35326K, committed 35496K, reserved 1079296K
  class space    used 4784K, capacity 4990K, committed 5032K, reserved 1048576K
}
Event: 7.023 GC heap before
{Heap before GC invocations=12 (full 2):
 PSYoungGen      total 118272K, used 107008K [0x00000000e0000000, 0x00000000ea580000, 0x0000000100000000)
  eden space 107008K, 100% used [0x00000000e0000000,0x00000000e6880000,0x00000000e6880000)
  from space 11264K, 0% used [0x00000000e6880000,0x00000000e6880000,0x00000000e7380000)
  to   space 11776K, 0% used [0x00000000e9a00000,0x00000000e9a00000,0x00000000ea580000)
 ParOldGen       total 93184K, used 17303K [0x00000000a0000000, 0x00000000a5b00000, 0x00000000e0000000)
  object space 93184K, 18% used [0x00000000a0000000,0x00000000a10e5dd8,0x00000000a5b00000)
 Metaspace       used 45338K, capacity 46290K, committed 46632K, reserved 1089536K
  class space    used 6104K, capacity 6378K, committed 6440K, reserved 1048576K
Event: 7.034 GC heap after
Heap after GC invocations=12 (full 2):
 PSYoungGen      total 145408K, used 11773K [0x00000000e0000000, 0x00000000ea580000, 0x0000000100000000)
  eden space 133632K, 0% used [0x00000000e0000000,0x00000000e0000000,0x00000000e8280000)
  from space 11776K, 99% used [0x00000000e9a00000,0x00000000ea57f660,0x00000000ea580000)
  to   space 13824K, 0% used [0x00000000e8a80000,0x00000000e8a80000,0x00000000e9800000)
 ParOldGen       total 93184K, used 19631K [0x00000000a0000000, 0x00000000a5b00000, 0x00000000e0000000)
  object space 93184K, 21% used [0x00000000a0000000,0x00000000a132bfe0,0x00000000a5b00000)
 Metaspace       used 45338K, capacity 46290K, committed 46632K, reserved 1089536K
  class space    used 6104K, capacity 6378K, committed 6440K, reserved 1048576K
}
Event: 8.708 GC heap before
{Heap before GC invocations=13 (full 2):
 PSYoungGen      total 145408K, used 145405K [0x00000000e0000000, 0x00000000ea580000, 0x0000000100000000)
  eden space 133632K, 100% used [0x00000000e0000000,0x00000000e8280000,0x00000000e8280000)
  from space 11776K, 99% used [0x00000000e9a00000,0x00000000ea57f660,0x00000000ea580000)
  to   space 13824K, 0% used [0x00000000e8a80000,0x00000000e8a80000,0x00000000e9800000)
 ParOldGen       total 93184K, used 19631K [0x00000000a0000000, 0x00000000a5b00000, 0x00000000e0000000)
  object space 93184K, 21% used [0x00000000a0000000,0x00000000a132bfe0,0x00000000a5b00000)
 Metaspace       used 54218K, capacity 55626K, committed 55976K, reserved 1097728K
  class space    used 7353K, capacity 7727K, committed 7848K, reserved 1048576K
Event: 8.740 GC heap after
Heap after GC invocations=13 (full 2):
 PSYoungGen      total 155648K, used 13801K [0x00000000e0000000, 0x00000000ec800000, 0x0000000100000000)
  eden space 141824K, 0% used [0x00000000e0000000,0x00000000e0000000,0x00000000e8a80000)
  from space 13824K, 99% used [0x00000000e8a80000,0x00000000e97fa658,0x00000000e9800000)
  to   space 18432K, 0% used [0x00000000eb600000,0x00000000eb600000,0x00000000ec800000)
 ParOldGen       total 93184K, used 27566K [0x00000000a0000000, 0x00000000a5b00000, 0x00000000e0000000)
  object space 93184K, 29% used [0x00000000a0000000,0x00000000a1aeb9d8,0x00000000a5b00000)
 Metaspace       used 54218K, capacity 55626K, committed 55976K, reserved 1097728K
  class space    used 7353K, capacity 7727K, committed 7848K, reserved 1048576K
}
Event: 9.448 GC heap before
{Heap before GC invocations=14 (full 2):
 PSYoungGen      total 155648K, used 57007K [0x00000000e0000000, 0x00000000ec800000, 0x0000000100000000)
  eden space 141824K, 30% used [0x00000000e0000000,0x00000000e2a315c8,0x00000000e8a80000)
  from space 13824K, 99% used [0x00000000e8a80000,0x00000000e97fa658,0x00000000e9800000)
  to   space 18432K, 0% used [0x00000000eb600000,0x00000000eb600000,0x00000000ec800000)
 ParOldGen       total 93184K, used 27566K [0x00000000a0000000, 0x00000000a5b00000, 0x00000000e0000000)
  object space 93184K, 29% used [0x00000000a0000000,0x00000000a1aeb9d8,0x00000000a5b00000)
 Metaspace       used 57344K, capacity 58922K, committed 59160K, reserved 1099776K
  class space    used 7825K, capacity 8201K, committed 8232K, reserved 1048576K
Event: 9.462 GC heap after
Heap after GC invocations=14 (full 2):
 PSYoungGen      total 160256K, used 4248K [0x00000000e0000000, 0x00000000ec800000, 0x0000000100000000)
  eden space 141824K, 0% used [0x00000000e0000000,0x00000000e0000000,0x00000000e8a80000)
  from space 18432K, 23% used [0x00000000eb600000,0x00000000eba262c8,0x00000000ec800000)
  to   space 13824K, 0% used [0x00000000e8a80000,0x00000000e8a80000,0x00000000e9800000)
 ParOldGen       total 93184K, used 36053K [0x00000000a0000000, 0x00000000a5b00000, 0x00000000e0000000)
  object space 93184K, 38% used [0x00000000a0000000,0x00000000a2335438,0x00000000a5b00000)
 Metaspace       used 57344K, capacity 58922K, committed 59160K, reserved 1099776K
  class space    used 7825K, capacity 8201K, committed 8232K, reserved 1048576K
}
Event: 9.462 GC heap before
{Heap before GC invocations=15 (full 3):
 PSYoungGen      total 160256K, used 4248K [0x00000000e0000000, 0x00000000ec800000, 0x0000000100000000)
  eden space 141824K, 0% used [0x00000000e0000000,0x00000000e0000000,0x00000000e8a80000)
  from space 18432K, 23% used [0x00000000eb600000,0x00000000eba262c8,0x00000000ec800000)
  to   space 13824K, 0% used [0x00000000e8a80000,0x00000000e8a80000,0x00000000e9800000)
 ParOldGen       total 93184K, used 36053K [0x00000000a0000000, 0x00000000a5b00000, 0x00000000e0000000)
  object space 93184K, 38% used [0x00000000a0000000,0x00000000a2335438,0x00000000a5b00000)
 Metaspace       used 57344K, capacity 58922K, committed 59160K, reserved 1099776K
  class space    used 7825K, capacity 8201K, committed 8232K, reserved 1048576K
Event: 9.738 GC heap after
Heap after GC invocations=15 (full 3):
 PSYoungGen      total 160256K, used 0K [0x00000000e0000000, 0x00000000ec800000, 0x0000000100000000)
  eden space 141824K, 0% used [0x00000000e0000000,0x00000000e0000000,0x00000000e8a80000)
  from space 18432K, 0% used [0x00000000eb600000,0x00000000eb600000,0x00000000ec800000)
  to   space 13824K, 0% used [0x00000000e8a80000,0x00000000e8a80000,0x00000000e9800000)
 ParOldGen       total 93184K, used 33790K [0x00000000a0000000, 0x00000000a5b00000, 0x00000000e0000000)
  object space 93184K, 36% used [0x00000000a0000000,0x00000000a20ff940,0x00000000a5b00000)
 Metaspace       used 57344K, capacity 58922K, committed 59160K, reserved 1099776K
  class space    used 7825K, capacity 8201K, committed 8232K, reserved 1048576K
}

