# JRE version: OpenJDK Runtime Environment (8.0_202-b03) (build 1.8.0_202-release-1483-b03)
# Java VM: OpenJDK 64-Bit Server VM (25.202-b03 mixed mode windows-amd64 compressed oops)
Heap:
 PSYoungGen      total 169472K, used 85668K [0x00000000e0000000, 0x00000000ec980000, 0x0000000100000000)
  eden space 140800K, 49% used [0x00000000e0000000,0x00000000e43e9ac8,0x00000000e8980000)
  from space 28672K, 56% used [0x00000000e8980000,0x00000000e993f608,0x00000000ea580000)
  to   space 28160K, 0% used [0x00000000eae00000,0x00000000eae00000,0x00000000ec980000)
 ParOldGen       total 138240K, used 52934K [0x00000000a0000000, 0x00000000a8700000, 0x00000000e0000000)
  object space 138240K, 38% used [0x00000000a0000000,0x00000000a33b18e8,0x00000000a8700000)
 Metaspace       used 84598K, capacity 88302K, committed 88408K, reserved 1126400K
  class space    used 10824K, capacity 11605K, committed 11648K, reserved 1048576K
GC Heap History (10 events):
Event: 1355.573 GC heap before
{Heap before GC invocations=20 (full 3):
 PSYoungGen      total 137728K, used 135859K [0x00000000e0000000, 0x00000000e9900000, 0x0000000100000000)
  eden space 126976K, 100% used [0x00000000e0000000,0x00000000e7c00000,0x00000000e7c00000)
  from space 10752K, 82% used [0x00000000e8e80000,0x00000000e972ccc8,0x00000000e9900000)
  to   space 14848K, 0% used [0x00000000e7c00000,0x00000000e7c00000,0x00000000e8a80000)
 ParOldGen       total 138240K, used 32091K [0x00000000a0000000, 0x00000000a8700000, 0x00000000e0000000)
  object space 138240K, 23% used [0x00000000a0000000,0x00000000a1f56f38,0x00000000a8700000)
 Metaspace       used 69707K, capacity 72666K, committed 72792K, reserved 1112064K
  class space    used 9264K, capacity 9829K, committed 9856K, reserved 1048576K
Event: 1355.593 GC heap after
Heap after GC invocations=20 (full 3):
 PSYoungGen      total 141824K, used 14826K [0x00000000e0000000, 0x00000000eab00000, 0x0000000100000000)
  eden space 126976K, 0% used [0x00000000e0000000,0x00000000e0000000,0x00000000e7c00000)
  from space 14848K, 99% used [0x00000000e7c00000,0x00000000e8a7a988,0x00000000e8a80000)
  to   space 16896K, 0% used [0x00000000e9a80000,0x00000000e9a80000,0x00000000eab00000)
 ParOldGen       total 138240K, used 33500K [0x00000000a0000000, 0x00000000a8700000, 0x00000000e0000000)
  object space 138240K, 24% used [0x00000000a0000000,0x00000000a20b72b0,0x00000000a8700000)
 Metaspace       used 69707K, capacity 72666K, committed 72792K, reserved 1112064K
  class space    used 9264K, capacity 9829K, committed 9856K, reserved 1048576K
}
Event: 3090.910 GC heap before
{Heap before GC invocations=21 (full 3):
 PSYoungGen      total 141824K, used 141802K [0x00000000e0000000, 0x00000000eab00000, 0x0000000100000000)
  eden space 126976K, 100% used [0x00000000e0000000,0x00000000e7c00000,0x00000000e7c00000)
  from space 14848K, 99% used [0x00000000e7c00000,0x00000000e8a7a988,0x00000000e8a80000)
  to   space 16896K, 0% used [0x00000000e9a80000,0x00000000e9a80000,0x00000000eab00000)
 ParOldGen       total 138240K, used 33500K [0x00000000a0000000, 0x00000000a8700000, 0x00000000e0000000)
  object space 138240K, 24% used [0x00000000a0000000,0x00000000a20b72b0,0x00000000a8700000)
 Metaspace       used 72064K, capacity 75250K, committed 75352K, reserved 1114112K
  class space    used 9473K, capacity 10089K, committed 10112K, reserved 1048576K
Event: 3090.923 GC heap after
Heap after GC invocations=21 (full 3):
 PSYoungGen      total 155648K, used 13846K [0x00000000e0000000, 0x00000000eab80000, 0x0000000100000000)
  eden space 138752K, 0% used [0x00000000e0000000,0x00000000e0000000,0x00000000e8780000)
  from space 16896K, 81% used [0x00000000e9a80000,0x00000000ea8059c8,0x00000000eab00000)
  to   space 18432K, 0% used [0x00000000e8780000,0x00000000e8780000,0x00000000e9980000)
 ParOldGen       total 138240K, used 33508K [0x00000000a0000000, 0x00000000a8700000, 0x00000000e0000000)
  object space 138240K, 24% used [0x00000000a0000000,0x00000000a20b92b0,0x00000000a8700000)
 Metaspace       used 72064K, capacity 75250K, committed 75352K, reserved 1114112K
  class space    used 9473K, capacity 10089K, committed 10112K, reserved 1048576K
}
Event: 3111.323 GC heap before
{Heap before GC invocations=22 (full 3):
 PSYoungGen      total 155648K, used 152598K [0x00000000e0000000, 0x00000000eab80000, 0x0000000100000000)
  eden space 138752K, 100% used [0x00000000e0000000,0x00000000e8780000,0x00000000e8780000)
  from space 16896K, 81% used [0x00000000e9a80000,0x00000000ea8059c8,0x00000000eab00000)
  to   space 18432K, 0% used [0x00000000e8780000,0x00000000e8780000,0x00000000e9980000)
 ParOldGen       total 138240K, used 33508K [0x00000000a0000000, 0x00000000a8700000, 0x00000000e0000000)
  object space 138240K, 24% used [0x00000000a0000000,0x00000000a20b92b0,0x00000000a8700000)
 Metaspace       used 74100K, capacity 77556K, committed 77784K, reserved 1116160K
  class space    used 9690K, capacity 10408K, committed 10496K, reserved 1048576K
Event: 3111.344 GC heap after
Heap after GC invocations=22 (full 3):
 PSYoungGen      total 157184K, used 18274K [0x00000000e0000000, 0x00000000eb980000, 0x0000000100000000)
  eden space 138752K, 0% used [0x00000000e0000000,0x00000000e0000000,0x00000000e8780000)
  from space 18432K, 99% used [0x00000000e8780000,0x00000000e9958a58,0x00000000e9980000)
  to   space 20480K, 0% used [0x00000000ea580000,0x00000000ea580000,0x00000000eb980000)
 ParOldGen       total 138240K, used 33516K [0x00000000a0000000, 0x00000000a8700000, 0x00000000e0000000)
  object space 138240K, 24% used [0x00000000a0000000,0x00000000a20bb2b0,0x00000000a8700000)
 Metaspace       used 74100K, capacity 77556K, committed 77784K, reserved 1116160K
  class space    used 9690K, capacity 10408K, committed 10496K, reserved 1048576K
}
Event: 3113.402 GC heap before
{Heap before GC invocations=23 (full 3):
 PSYoungGen      total 157184K, used 157026K [0x00000000e0000000, 0x00000000eb980000, 0x0000000100000000)
  eden space 138752K, 100% used [0x00000000e0000000,0x00000000e8780000,0x00000000e8780000)
  from space 18432K, 99% used [0x00000000e8780000,0x00000000e9958a58,0x00000000e9980000)
  to   space 20480K, 0% used [0x00000000ea580000,0x00000000ea580000,0x00000000eb980000)
 ParOldGen       total 138240K, used 33516K [0x00000000a0000000, 0x00000000a8700000, 0x00000000e0000000)
  object space 138240K, 24% used [0x00000000a0000000,0x00000000a20bb2b0,0x00000000a8700000)
 Metaspace       used 77260K, capacity 80810K, committed 81112K, reserved 1120256K
  class space    used 9978K, capacity 10721K, committed 10752K, reserved 1048576K
Event: 3113.434 GC heap after
Heap after GC invocations=23 (full 3):
 PSYoungGen      total 161280K, used 20452K [0x00000000e0000000, 0x00000000eca00000, 0x0000000100000000)
  eden space 140800K, 0% used [0x00000000e0000000,0x00000000e0000000,0x00000000e8980000)
  from space 20480K, 99% used [0x00000000ea580000,0x00000000eb979360,0x00000000eb980000)
  to   space 28672K, 0% used [0x00000000e8980000,0x00000000e8980000,0x00000000ea580000)
 ParOldGen       total 138240K, used 46833K [0x00000000a0000000, 0x00000000a8700000, 0x00000000e0000000)
  object space 138240K, 33% used [0x00000000a0000000,0x00000000a2dbc6d8,0x00000000a8700000)
 Metaspace       used 77260K, capacity 80810K, committed 81112K, reserved 1120256K
  class space    used 9978K, capacity 10721K, committed 10752K, reserved 1048576K
}
Event: 3118.380 GC heap before
{Heap before GC invocations=24 (full 3):
 PSYoungGen      total 161280K, used 161252K [0x00000000e0000000, 0x00000000eca00000, 0x0000000100000000)
  eden space 140800K, 100% used [0x00000000e0000000,0x00000000e8980000,0x00000000e8980000)
  from space 20480K, 99% used [0x00000000ea580000,0x00000000eb979360,0x00000000eb980000)
  to   space 28672K, 0% used [0x00000000e8980000,0x00000000e8980000,0x00000000ea580000)
 ParOldGen       total 138240K, used 46833K [0x00000000a0000000, 0x00000000a8700000, 0x00000000e0000000)
  object space 138240K, 33% used [0x00000000a0000000,0x00000000a2dbc6d8,0x00000000a8700000)
 Metaspace       used 79076K, capacity 82778K, committed 82904K, reserved 1122304K
  class space    used 10183K, capacity 10893K, committed 11008K, reserved 1048576K
Event: 3118.398 GC heap after
Heap after GC invocations=24 (full 3):
 PSYoungGen      total 169472K, used 16125K [0x00000000e0000000, 0x00000000ec980000, 0x0000000100000000)
  eden space 140800K, 0% used [0x00000000e0000000,0x00000000e0000000,0x00000000e8980000)
  from space 28672K, 56% used [0x00000000e8980000,0x00000000e993f608,0x00000000ea580000)
  to   space 28160K, 0% used [0x00000000eae00000,0x00000000eae00000,0x00000000ec980000)
 ParOldGen       total 138240K, used 52934K [0x00000000a0000000, 0x00000000a8700000, 0x00000000e0000000)
  object space 138240K, 38% used [0x00000000a0000000,0x00000000a33b18e8,0x00000000a8700000)
 Metaspace       used 79076K, capacity 82778K, committed 82904K, reserved 1122304K
  class space    used 10183K, capacity 10893K, committed 11008K, reserved 1048576K
}

