# JRE version: OpenJDK Runtime Environment (8.0_202-b03) (build 1.8.0_202-release-1483-b03)
# Java VM: OpenJDK 64-Bit Server VM (25.202-b03 mixed mode windows-amd64 compressed oops)
Heap:
 PSYoungGen      total 185856K, used 147474K [0x00000000e0000000, 0x00000000ecf80000, 0x0000000100000000)
  eden space 167424K, 88% used [0x00000000e0000000,0x00000000e9004b28,0x00000000ea380000)
  from space 18432K, 0% used [0x00000000eb500000,0x00000000eb500000,0x00000000ec700000)
  to   space 17920K, 0% used [0x00000000ea380000,0x00000000ea380000,0x00000000eb500000)
 ParOldGen       total 144896K, used 33933K [0x00000000a0000000, 0x00000000a8d80000, 0x00000000e0000000)
  object space 144896K, 23% used [0x00000000a0000000,0x00000000a21237a0,0x00000000a8d80000)
 Metaspace       used 61167K, capacity 63372K, committed 63512K, reserved 1103872K
  class space    used 8388K, capacity 8878K, committed 9000K, reserved 1048576K
GC Heap History (10 events):
Event: 5.666 GC heap before
{Heap before GC invocations=11 (full 2):
 PSYoungGen      total 116224K, used 10425K [0x00000000e0000000, 0x00000000ea380000, 0x0000000100000000)
  eden space 105472K, 0% used [0x00000000e0000000,0x00000000e0000000,0x00000000e6700000)
  from space 10752K, 96% used [0x00000000e6700000,0x00000000e712e428,0x00000000e7180000)
  to   space 11776K, 0% used [0x00000000e9800000,0x00000000e9800000,0x00000000ea380000)
 ParOldGen       total 59392K, used 8021K [0x00000000a0000000, 0x00000000a3a00000, 0x00000000e0000000)
  object space 59392K, 13% used [0x00000000a0000000,0x00000000a07d56a0,0x00000000a3a00000)
 Metaspace       used 34779K, capacity 35460K, committed 35496K, reserved 1079296K
  class space    used 4788K, capacity 5001K, committed 5032K, reserved 1048576K
Event: 5.725 GC heap after
Heap after GC invocations=11 (full 2):
 PSYoungGen      total 116224K, used 0K [0x00000000e0000000, 0x00000000ea380000, 0x0000000100000000)
  eden space 105472K, 0% used [0x00000000e0000000,0x00000000e0000000,0x00000000e6700000)
  from space 10752K, 0% used [0x00000000e6700000,0x00000000e6700000,0x00000000e7180000)
  to   space 11776K, 0% used [0x00000000e9800000,0x00000000e9800000,0x00000000ea380000)
 ParOldGen       total 93696K, used 17257K [0x00000000a0000000, 0x00000000a5b80000, 0x00000000e0000000)
  object space 93696K, 18% used [0x00000000a0000000,0x00000000a10da518,0x00000000a5b80000)
 Metaspace       used 34760K, capacity 35394K, committed 35496K, reserved 1079296K
  class space    used 4782K, capacity 4990K, committed 5032K, reserved 1048576K
}
Event: 7.095 GC heap before
{Heap before GC invocations=12 (full 2):
 PSYoungGen      total 116224K, used 105472K [0x00000000e0000000, 0x00000000ea380000, 0x0000000100000000)
  eden space 105472K, 100% used [0x00000000e0000000,0x00000000e6700000,0x00000000e6700000)
  from space 10752K, 0% used [0x00000000e6700000,0x00000000e6700000,0x00000000e7180000)
  to   space 11776K, 0% used [0x00000000e9800000,0x00000000e9800000,0x00000000ea380000)
 ParOldGen       total 93696K, used 17257K [0x00000000a0000000, 0x00000000a5b80000, 0x00000000e0000000)
  object space 93696K, 18% used [0x00000000a0000000,0x00000000a10da518,0x00000000a5b80000)
 Metaspace       used 45301K, capacity 46192K, committed 46376K, reserved 1089536K
  class space    used 6093K, capacity 6344K, committed 6440K, reserved 1048576K
Event: 7.107 GC heap after
Heap after GC invocations=12 (full 2):
 PSYoungGen      total 144384K, used 11744K [0x00000000e0000000, 0x00000000ea380000, 0x0000000100000000)
  eden space 132608K, 0% used [0x00000000e0000000,0x00000000e0000000,0x00000000e8180000)
  from space 11776K, 99% used [0x00000000e9800000,0x00000000ea378130,0x00000000ea380000)
  to   space 13824K, 0% used [0x00000000e8880000,0x00000000e8880000,0x00000000e9600000)
 ParOldGen       total 93696K, used 19503K [0x00000000a0000000, 0x00000000a5b80000, 0x00000000e0000000)
  object space 93696K, 20% used [0x00000000a0000000,0x00000000a130bc60,0x00000000a5b80000)
 Metaspace       used 45301K, capacity 46192K, committed 46376K, reserved 1089536K
  class space    used 6093K, capacity 6344K, committed 6440K, reserved 1048576K
}
Event: 8.660 GC heap before
{Heap before GC invocations=13 (full 2):
 PSYoungGen      total 144384K, used 144352K [0x00000000e0000000, 0x00000000ea380000, 0x0000000100000000)
  eden space 132608K, 100% used [0x00000000e0000000,0x00000000e8180000,0x00000000e8180000)
  from space 11776K, 99% used [0x00000000e9800000,0x00000000ea378130,0x00000000ea380000)
  to   space 13824K, 0% used [0x00000000e8880000,0x00000000e8880000,0x00000000e9600000)
 ParOldGen       total 93696K, used 19503K [0x00000000a0000000, 0x00000000a5b80000, 0x00000000e0000000)
  object space 93696K, 20% used [0x00000000a0000000,0x00000000a130bc60,0x00000000a5b80000)
 Metaspace       used 53405K, capacity 54828K, committed 55080K, reserved 1097728K
  class space    used 7285K, capacity 7694K, committed 7720K, reserved 1048576K
Event: 8.682 GC heap after
Heap after GC invocations=13 (full 2):
 PSYoungGen      total 153600K, used 13814K [0x00000000e0000000, 0x00000000ec700000, 0x0000000100000000)
  eden space 139776K, 0% used [0x00000000e0000000,0x00000000e0000000,0x00000000e8880000)
  from space 13824K, 99% used [0x00000000e8880000,0x00000000e95fd828,0x00000000e9600000)
  to   space 18432K, 0% used [0x00000000eb500000,0x00000000eb500000,0x00000000ec700000)
 ParOldGen       total 93696K, used 26816K [0x00000000a0000000, 0x00000000a5b80000, 0x00000000e0000000)
  object space 93696K, 28% used [0x00000000a0000000,0x00000000a1a301c0,0x00000000a5b80000)
 Metaspace       used 53405K, capacity 54828K, committed 55080K, reserved 1097728K
  class space    used 7285K, capacity 7694K, committed 7720K, reserved 1048576K
}
Event: 9.507 GC heap before
{Heap before GC invocations=14 (full 2):
 PSYoungGen      total 153600K, used 62270K [0x00000000e0000000, 0x00000000ec700000, 0x0000000100000000)
  eden space 139776K, 34% used [0x00000000e0000000,0x00000000e2f52140,0x00000000e8880000)
  from space 13824K, 99% used [0x00000000e8880000,0x00000000e95fd828,0x00000000e9600000)
  to   space 18432K, 0% used [0x00000000eb500000,0x00000000eb500000,0x00000000ec700000)
 ParOldGen       total 93696K, used 26816K [0x00000000a0000000, 0x00000000a5b80000, 0x00000000e0000000)
  object space 93696K, 28% used [0x00000000a0000000,0x00000000a1a301c0,0x00000000a5b80000)
 Metaspace       used 57363K, capacity 58922K, committed 59160K, reserved 1099776K
  class space    used 7824K, capacity 8201K, committed 8232K, reserved 1048576K
Event: 9.521 GC heap after
Heap after GC invocations=14 (full 2):
 PSYoungGen      total 185856K, used 4711K [0x00000000e0000000, 0x00000000ecf80000, 0x0000000100000000)
  eden space 167424K, 0% used [0x00000000e0000000,0x00000000e0000000,0x00000000ea380000)
  from space 18432K, 25% used [0x00000000eb500000,0x00000000eb999c70,0x00000000ec700000)
  to   space 17920K, 0% used [0x00000000ea380000,0x00000000ea380000,0x00000000eb500000)
 ParOldGen       total 93696K, used 35210K [0x00000000a0000000, 0x00000000a5b80000, 0x00000000e0000000)
  object space 93696K, 37% used [0x00000000a0000000,0x00000000a22628e0,0x00000000a5b80000)
 Metaspace       used 57363K, capacity 58922K, committed 59160K, reserved 1099776K
  class space    used 7824K, capacity 8201K, committed 8232K, reserved 1048576K
}
Event: 9.521 GC heap before
{Heap before GC invocations=15 (full 3):
 PSYoungGen      total 185856K, used 4711K [0x00000000e0000000, 0x00000000ecf80000, 0x0000000100000000)
  eden space 167424K, 0% used [0x00000000e0000000,0x00000000e0000000,0x00000000ea380000)
  from space 18432K, 25% used [0x00000000eb500000,0x00000000eb999c70,0x00000000ec700000)
  to   space 17920K, 0% used [0x00000000ea380000,0x00000000ea380000,0x00000000eb500000)
 ParOldGen       total 93696K, used 35210K [0x00000000a0000000, 0x00000000a5b80000, 0x00000000e0000000)
  object space 93696K, 37% used [0x00000000a0000000,0x00000000a22628e0,0x00000000a5b80000)
 Metaspace       used 57363K, capacity 58922K, committed 59160K, reserved 1099776K
  class space    used 7824K, capacity 8201K, committed 8232K, reserved 1048576K
Event: 9.792 GC heap after
Heap after GC invocations=15 (full 3):
 PSYoungGen      total 185856K, used 0K [0x00000000e0000000, 0x00000000ecf80000, 0x0000000100000000)
  eden space 167424K, 0% used [0x00000000e0000000,0x00000000e0000000,0x00000000ea380000)
  from space 18432K, 0% used [0x00000000eb500000,0x00000000eb500000,0x00000000ec700000)
  to   space 17920K, 0% used [0x00000000ea380000,0x00000000ea380000,0x00000000eb500000)
 ParOldGen       total 144896K, used 33933K [0x00000000a0000000, 0x00000000a8d80000, 0x00000000e0000000)
  object space 144896K, 23% used [0x00000000a0000000,0x00000000a21237a0,0x00000000a8d80000)
 Metaspace       used 57363K, capacity 58922K, committed 59160K, reserved 1099776K
  class space    used 7824K, capacity 8201K, committed 8232K, reserved 1048576K
}

