# JRE version: OpenJDK Runtime Environment (8.0_202-b03) (build 1.8.0_202-release-1483-b03)
# Java VM: OpenJDK 64-Bit Server VM (25.202-b03 mixed mode windows-amd64 compressed oops)
Heap:
 PSYoungGen      total 179712K, used 12364K [0x00000000e0000000, 0x00000000ed180000, 0x0000000100000000)
  eden space 161280K, 7% used [0x00000000e0000000,0x00000000e0c13378,0x00000000e9d80000)
  from space 18432K, 0% used [0x00000000eaf80000,0x00000000eaf80000,0x00000000ec180000)
  to   space 18432K, 0% used [0x00000000e9d80000,0x00000000e9d80000,0x00000000eaf80000)
 ParOldGen       total 145408K, used 33821K [0x00000000a0000000, 0x00000000a8e00000, 0x00000000e0000000)
  object space 145408K, 23% used [0x00000000a0000000,0x00000000a2107608,0x00000000a8e00000)
 Metaspace       used 57932K, capacity 59610K, committed 59800K, reserved 1101824K
  class space    used 7907K, capacity 8329K, committed 8360K, reserved 1048576K
GC Heap History (10 events):
Event: 5.686 GC heap before
{Heap before GC invocations=11 (full 2):
 PSYoungGen      total 119296K, used 10404K [0x00000000e0000000, 0x00000000ea900000, 0x0000000100000000)
  eden space 108032K, 0% used [0x00000000e0000000,0x00000000e0000000,0x00000000e6980000)
  from space 11264K, 92% used [0x00000000e6980000,0x00000000e73a91e0,0x00000000e7480000)
  to   space 11776K, 0% used [0x00000000e9d80000,0x00000000e9d80000,0x00000000ea900000)
 ParOldGen       total 59904K, used 10435K [0x00000000a0000000, 0x00000000a3a80000, 0x00000000e0000000)
  object space 59904K, 17% used [0x00000000a0000000,0x00000000a0a30cf8,0x00000000a3a80000)
 Metaspace       used 34676K, capacity 35414K, committed 35496K, reserved 1079296K
  class space    used 4792K, capacity 5004K, committed 5032K, reserved 1048576K
Event: 5.786 GC heap after
Heap after GC invocations=11 (full 2):
 PSYoungGen      total 119296K, used 0K [0x00000000e0000000, 0x00000000ea900000, 0x0000000100000000)
  eden space 108032K, 0% used [0x00000000e0000000,0x00000000e0000000,0x00000000e6980000)
  from space 11264K, 0% used [0x00000000e6980000,0x00000000e6980000,0x00000000e7480000)
  to   space 11776K, 0% used [0x00000000e9d80000,0x00000000e9d80000,0x00000000ea900000)
 ParOldGen       total 93696K, used 17252K [0x00000000a0000000, 0x00000000a5b80000, 0x00000000e0000000)
  object space 93696K, 18% used [0x00000000a0000000,0x00000000a10d9170,0x00000000a5b80000)
 Metaspace       used 34650K, capacity 35330K, committed 35496K, reserved 1079296K
  class space    used 4784K, capacity 4990K, committed 5032K, reserved 1048576K
}
Event: 7.247 GC heap before
{Heap before GC invocations=12 (full 2):
 PSYoungGen      total 119296K, used 108032K [0x00000000e0000000, 0x00000000ea900000, 0x0000000100000000)
  eden space 108032K, 100% used [0x00000000e0000000,0x00000000e6980000,0x00000000e6980000)
  from space 11264K, 0% used [0x00000000e6980000,0x00000000e6980000,0x00000000e7480000)
  to   space 11776K, 0% used [0x00000000e9d80000,0x00000000e9d80000,0x00000000ea900000)
 ParOldGen       total 93696K, used 17252K [0x00000000a0000000, 0x00000000a5b80000, 0x00000000e0000000)
  object space 93696K, 18% used [0x00000000a0000000,0x00000000a10d9170,0x00000000a5b80000)
 Metaspace       used 45370K, capacity 46294K, committed 46632K, reserved 1089536K
  class space    used 6109K, capacity 6378K, committed 6440K, reserved 1048576K
Event: 7.261 GC heap after
Heap after GC invocations=12 (full 2):
 PSYoungGen      total 143872K, used 11746K [0x00000000e0000000, 0x00000000ea900000, 0x0000000100000000)
  eden space 132096K, 0% used [0x00000000e0000000,0x00000000e0000000,0x00000000e8100000)
  from space 11776K, 99% used [0x00000000e9d80000,0x00000000ea8f8800,0x00000000ea900000)
  to   space 13824K, 0% used [0x00000000e8e00000,0x00000000e8e00000,0x00000000e9b80000)
 ParOldGen       total 93696K, used 19694K [0x00000000a0000000, 0x00000000a5b80000, 0x00000000e0000000)
  object space 93696K, 21% used [0x00000000a0000000,0x00000000a133bb88,0x00000000a5b80000)
 Metaspace       used 45370K, capacity 46294K, committed 46632K, reserved 1089536K
  class space    used 6109K, capacity 6378K, committed 6440K, reserved 1048576K
}
Event: 8.898 GC heap before
{Heap before GC invocations=13 (full 2):
 PSYoungGen      total 143872K, used 143842K [0x00000000e0000000, 0x00000000ea900000, 0x0000000100000000)
  eden space 132096K, 100% used [0x00000000e0000000,0x00000000e8100000,0x00000000e8100000)
  from space 11776K, 99% used [0x00000000e9d80000,0x00000000ea8f8800,0x00000000ea900000)
  to   space 13824K, 0% used [0x00000000e8e00000,0x00000000e8e00000,0x00000000e9b80000)
 ParOldGen       total 93696K, used 19694K [0x00000000a0000000, 0x00000000a5b80000, 0x00000000e0000000)
  object space 93696K, 21% used [0x00000000a0000000,0x00000000a133bb88,0x00000000a5b80000)
 Metaspace       used 53960K, capacity 55436K, committed 55720K, reserved 1097728K
  class space    used 7333K, capacity 7726K, committed 7848K, reserved 1048576K
Event: 8.922 GC heap after
Heap after GC invocations=13 (full 2):
 PSYoungGen      total 159232K, used 13817K [0x00000000e0000000, 0x00000000ec180000, 0x0000000100000000)
  eden space 145408K, 0% used [0x00000000e0000000,0x00000000e0000000,0x00000000e8e00000)
  from space 13824K, 99% used [0x00000000e8e00000,0x00000000e9b7e4d0,0x00000000e9b80000)
  to   space 18432K, 0% used [0x00000000eaf80000,0x00000000eaf80000,0x00000000ec180000)
 ParOldGen       total 93696K, used 27361K [0x00000000a0000000, 0x00000000a5b80000, 0x00000000e0000000)
  object space 93696K, 29% used [0x00000000a0000000,0x00000000a1ab85c0,0x00000000a5b80000)
 Metaspace       used 53960K, capacity 55436K, committed 55720K, reserved 1097728K
  class space    used 7333K, capacity 7726K, committed 7848K, reserved 1048576K
}
Event: 9.604 GC heap before
{Heap before GC invocations=14 (full 2):
 PSYoungGen      total 159232K, used 57958K [0x00000000e0000000, 0x00000000ec180000, 0x0000000100000000)
  eden space 145408K, 30% used [0x00000000e0000000,0x00000000e2b1b558,0x00000000e8e00000)
  from space 13824K, 99% used [0x00000000e8e00000,0x00000000e9b7e4d0,0x00000000e9b80000)
  to   space 18432K, 0% used [0x00000000eaf80000,0x00000000eaf80000,0x00000000ec180000)
 ParOldGen       total 93696K, used 27361K [0x00000000a0000000, 0x00000000a5b80000, 0x00000000e0000000)
  object space 93696K, 29% used [0x00000000a0000000,0x00000000a1ab85c0,0x00000000a5b80000)
 Metaspace       used 57348K, capacity 58918K, committed 59160K, reserved 1099776K
  class space    used 7824K, capacity 8201K, committed 8232K, reserved 1048576K
Event: 9.615 GC heap after
Heap after GC invocations=14 (full 2):
 PSYoungGen      total 179712K, used 4397K [0x00000000e0000000, 0x00000000ed180000, 0x0000000100000000)
  eden space 161280K, 0% used [0x00000000e0000000,0x00000000e0000000,0x00000000e9d80000)
  from space 18432K, 23% used [0x00000000eaf80000,0x00000000eb3cb6b0,0x00000000ec180000)
  to   space 18432K, 0% used [0x00000000e9d80000,0x00000000e9d80000,0x00000000eaf80000)
 ParOldGen       total 93696K, used 35589K [0x00000000a0000000, 0x00000000a5b80000, 0x00000000e0000000)
  object space 93696K, 37% used [0x00000000a0000000,0x00000000a22c17e8,0x00000000a5b80000)
 Metaspace       used 57348K, capacity 58918K, committed 59160K, reserved 1099776K
  class space    used 7824K, capacity 8201K, committed 8232K, reserved 1048576K
}
Event: 9.615 GC heap before
{Heap before GC invocations=15 (full 3):
 PSYoungGen      total 179712K, used 4397K [0x00000000e0000000, 0x00000000ed180000, 0x0000000100000000)
  eden space 161280K, 0% used [0x00000000e0000000,0x00000000e0000000,0x00000000e9d80000)
  from space 18432K, 23% used [0x00000000eaf80000,0x00000000eb3cb6b0,0x00000000ec180000)
  to   space 18432K, 0% used [0x00000000e9d80000,0x00000000e9d80000,0x00000000eaf80000)
 ParOldGen       total 93696K, used 35589K [0x00000000a0000000, 0x00000000a5b80000, 0x00000000e0000000)
  object space 93696K, 37% used [0x00000000a0000000,0x00000000a22c17e8,0x00000000a5b80000)
 Metaspace       used 57348K, capacity 58918K, committed 59160K, reserved 1099776K
  class space    used 7824K, capacity 8201K, committed 8232K, reserved 1048576K
Event: 9.877 GC heap after
Heap after GC invocations=15 (full 3):
 PSYoungGen      total 179712K, used 0K [0x00000000e0000000, 0x00000000ed180000, 0x0000000100000000)
  eden space 161280K, 0% used [0x00000000e0000000,0x00000000e0000000,0x00000000e9d80000)
  from space 18432K, 0% used [0x00000000eaf80000,0x00000000eaf80000,0x00000000ec180000)
  to   space 18432K, 0% used [0x00000000e9d80000,0x00000000e9d80000,0x00000000eaf80000)
 ParOldGen       total 145408K, used 33821K [0x00000000a0000000, 0x00000000a8e00000, 0x00000000e0000000)
  object space 145408K, 23% used [0x00000000a0000000,0x00000000a2107608,0x00000000a8e00000)
 Metaspace       used 57348K, capacity 58918K, committed 59160K, reserved 1099776K
  class space    used 7824K, capacity 8201K, committed 8232K, reserved 1048576K
}

